This is pdfTeX, Version 3.141592653-2.6-1.40.26 (TeX Live 2024) (preloaded format=pdflatex 2024.7.3)  7 JUL 2024 15:33
entering extended mode
 restricted \write18 enabled.
 %&-line parsing enabled.
**/tmp/RtmphWycFh/preview-f565ea0c686.dir/FunctionsOfBiopixR.tex
(/tmp/RtmphWycFh/preview-f565ea0c686.dir/FunctionsOfBiopixR.tex
LaTeX2e <2024-06-01> patch level 2
L3 programming layer <2024-05-27>
(/home/brauctim/.TinyTeX/texmf-dist/tex/latex/base/article.cls
Document Class: article 2024/02/08 v1.4n Standard LaTeX document class
(/home/brauctim/.TinyTeX/texmf-dist/tex/latex/base/size10.clo
File: size10.clo 2024/02/08 v1.4n Standard LaTeX file (size option)
)
\c@part=\count194
\c@section=\count195
\c@subsection=\count196
\c@subsubsection=\count197
\c@paragraph=\count198
\c@subparagraph=\count199
\c@figure=\count266
\c@table=\count267
\abovecaptionskip=\skip49
\belowcaptionskip=\skip50
\bibindent=\dimen141
) (/home/brauctim/.TinyTeX/texmf-dist/tex/latex/amsmath/amsmath.sty
Package: amsmath 2024/05/23 v2.17q AMS math features
\@mathmargin=\skip51
For additional information on amsmath, use the `?' option.
(/home/brauctim/.TinyTeX/texmf-dist/tex/latex/amsmath/amstext.sty
Package: amstext 2021/08/26 v2.01 AMS text
(/home/brauctim/.TinyTeX/texmf-dist/tex/latex/amsmath/amsgen.sty
File: amsgen.sty 1999/11/30 v2.0 generic functions
\@emptytoks=\toks17
\ex@=\dimen142
)) (/home/brauctim/.TinyTeX/texmf-dist/tex/latex/amsmath/amsbsy.sty
Package: amsbsy 1999/11/29 v1.2d Bold Symbols
\pmbraise@=\dimen143
) (/home/brauctim/.TinyTeX/texmf-dist/tex/latex/amsmath/amsopn.sty
Package: amsopn 2022/04/08 v2.04 operator names
)
\inf@bad=\count268
LaTeX Info: Redefining \frac on input line 233.
\uproot@=\count269
\leftroot@=\count270
LaTeX Info: Redefining \overline on input line 398.
LaTeX Info: Redefining \colon on input line 409.
\classnum@=\count271
\DOTSCASE@=\count272
LaTeX Info: Redefining \ldots on input line 495.
LaTeX Info: Redefining \dots on input line 498.
LaTeX Info: Redefining \cdots on input line 619.
\Mathstrutbox@=\box52
\strutbox@=\box53
LaTeX Info: Redefining \big on input line 721.
LaTeX Info: Redefining \Big on input line 722.
LaTeX Info: Redefining \bigg on input line 723.
LaTeX Info: Redefining \Bigg on input line 724.
\big@size=\dimen144
LaTeX Font Info:    Redeclaring font encoding OML on input line 742.
LaTeX Font Info:    Redeclaring font encoding OMS on input line 743.
\macc@depth=\count273
LaTeX Info: Redefining \bmod on input line 904.
LaTeX Info: Redefining \pmod on input line 909.
LaTeX Info: Redefining \smash on input line 939.
LaTeX Info: Redefining \relbar on input line 969.
LaTeX Info: Redefining \Relbar on input line 970.
\c@MaxMatrixCols=\count274
\dotsspace@=\muskip17
\c@parentequation=\count275
\dspbrk@lvl=\count276
\tag@help=\toks18
\row@=\count277
\column@=\count278
\maxfields@=\count279
\andhelp@=\toks19
\eqnshift@=\dimen145
\alignsep@=\dimen146
\tagshift@=\dimen147
\tagwidth@=\dimen148
\totwidth@=\dimen149
\lineht@=\dimen150
\@envbody=\toks20
\multlinegap=\skip52
\multlinetaggap=\skip53
\mathdisplay@stack=\toks21
LaTeX Info: Redefining \[ on input line 2953.
LaTeX Info: Redefining \] on input line 2954.
) (/home/brauctim/.TinyTeX/texmf-dist/tex/latex/amsfonts/amssymb.sty
Package: amssymb 2013/01/14 v3.01 AMS font symbols
(/home/brauctim/.TinyTeX/texmf-dist/tex/latex/amsfonts/amsfonts.sty
Package: amsfonts 2013/01/14 v3.01 Basic AMSFonts support
\symAMSa=\mathgroup4
\symAMSb=\mathgroup5
LaTeX Font Info:    Redeclaring math symbol \hbar on input line 98.
LaTeX Font Info:    Overwriting math alphabet `\mathfrak' in version `bold'
(Font)                  U/euf/m/n --> U/euf/b/n on input line 106.
)) (/home/brauctim/.TinyTeX/texmf-dist/tex/generic/iftex/iftex.sty
Package: iftex 2022/02/03 v1.0f TeX engine tests
) (/home/brauctim/.TinyTeX/texmf-dist/tex/latex/base/fontenc.sty
Package: fontenc 2021/04/29 v2.0v Standard LaTeX package
) (/home/brauctim/.TinyTeX/texmf-dist/tex/latex/base/inputenc.sty
Package: inputenc 2024/02/08 v1.3d Input encoding file
\inpenc@prehook=\toks22
\inpenc@posthook=\toks23
) (/home/brauctim/.TinyTeX/texmf-dist/tex/latex/base/textcomp.sty
Package: textcomp 2024/04/24 v2.1b Standard LaTeX package
) (/home/brauctim/.TinyTeX/texmf-dist/tex/latex/lm/lmodern.sty
Package: lmodern 2015/05/01 v1.6.1 Latin Modern Fonts
LaTeX Font Info:    Overwriting symbol font `operators' in version `normal'
(Font)                  OT1/cmr/m/n --> OT1/lmr/m/n on input line 22.
LaTeX Font Info:    Overwriting symbol font `letters' in version `normal'
(Font)                  OML/cmm/m/it --> OML/lmm/m/it on input line 23.
LaTeX Font Info:    Overwriting symbol font `symbols' in version `normal'
(Font)                  OMS/cmsy/m/n --> OMS/lmsy/m/n on input line 24.
LaTeX Font Info:    Overwriting symbol font `largesymbols' in version `normal'
(Font)                  OMX/cmex/m/n --> OMX/lmex/m/n on input line 25.
LaTeX Font Info:    Overwriting symbol font `operators' in version `bold'
(Font)                  OT1/cmr/bx/n --> OT1/lmr/bx/n on input line 26.
LaTeX Font Info:    Overwriting symbol font `letters' in version `bold'
(Font)                  OML/cmm/b/it --> OML/lmm/b/it on input line 27.
LaTeX Font Info:    Overwriting symbol font `symbols' in version `bold'
(Font)                  OMS/cmsy/b/n --> OMS/lmsy/b/n on input line 28.
LaTeX Font Info:    Overwriting symbol font `largesymbols' in version `bold'
(Font)                  OMX/cmex/m/n --> OMX/lmex/m/n on input line 29.
LaTeX Font Info:    Overwriting math alphabet `\mathbf' in version `normal'
(Font)                  OT1/cmr/bx/n --> OT1/lmr/bx/n on input line 31.
LaTeX Font Info:    Overwriting math alphabet `\mathsf' in version `normal'
(Font)                  OT1/cmss/m/n --> OT1/lmss/m/n on input line 32.
LaTeX Font Info:    Overwriting math alphabet `\mathit' in version `normal'
(Font)                  OT1/cmr/m/it --> OT1/lmr/m/it on input line 33.
LaTeX Font Info:    Overwriting math alphabet `\mathtt' in version `normal'
(Font)                  OT1/cmtt/m/n --> OT1/lmtt/m/n on input line 34.
LaTeX Font Info:    Overwriting math alphabet `\mathbf' in version `bold'
(Font)                  OT1/cmr/bx/n --> OT1/lmr/bx/n on input line 35.
LaTeX Font Info:    Overwriting math alphabet `\mathsf' in version `bold'
(Font)                  OT1/cmss/bx/n --> OT1/lmss/bx/n on input line 36.
LaTeX Font Info:    Overwriting math alphabet `\mathit' in version `bold'
(Font)                  OT1/cmr/bx/it --> OT1/lmr/bx/it on input line 37.
LaTeX Font Info:    Overwriting math alphabet `\mathtt' in version `bold'
(Font)                  OT1/cmtt/m/n --> OT1/lmtt/m/n on input line 38.
) (/home/brauctim/.TinyTeX/texmf-dist/tex/latex/upquote/upquote.sty
Package: upquote 2012/04/19 v1.3 upright-quote and grave-accent glyphs in verbatim
) (/home/brauctim/.TinyTeX/texmf-dist/tex/latex/microtype/microtype.sty
Package: microtype 2024/03/29 v3.1b Micro-typographical refinements (RS)
(/home/brauctim/.TinyTeX/texmf-dist/tex/latex/graphics/keyval.sty
Package: keyval 2022/05/29 v1.15 key=value parser (DPC)
\KV@toks@=\toks24
) (/home/brauctim/.TinyTeX/texmf-dist/tex/latex/etoolbox/etoolbox.sty
Package: etoolbox 2020/10/05 v2.5k e-TeX tools for LaTeX (JAW)
\etb@tempcnta=\count280
)
\MT@toks=\toks25
\MT@tempbox=\box54
\MT@count=\count281
LaTeX Info: Redefining \noprotrusionifhmode on input line 1061.
LaTeX Info: Redefining \leftprotrusion on input line 1062.
\MT@prot@toks=\toks26
LaTeX Info: Redefining \rightprotrusion on input line 1081.
LaTeX Info: Redefining \textls on input line 1392.
\MT@outer@kern=\dimen151
LaTeX Info: Redefining \textmicrotypecontext on input line 2013.
\MT@listname@count=\count282
(/home/brauctim/.TinyTeX/texmf-dist/tex/latex/microtype/microtype-pdftex.def
File: microtype-pdftex.def 2024/03/29 v3.1b Definitions specific to pdftex (RS)
LaTeX Info: Redefining \lsstyle on input line 902.
LaTeX Info: Redefining \lslig on input line 902.
\MT@outer@space=\skip54
)
Package microtype Info: Loading configuration file microtype.cfg.
(/home/brauctim/.TinyTeX/texmf-dist/tex/latex/microtype/microtype.cfg
File: microtype.cfg 2024/03/29 v3.1b microtype main configuration file (RS)
)) (/home/brauctim/.TinyTeX/texmf-dist/tex/latex/xcolor/xcolor.sty
Package: xcolor 2023/11/15 v3.01 LaTeX color extensions (UK)
(/home/brauctim/.TinyTeX/texmf-dist/tex/latex/graphics-cfg/color.cfg
File: color.cfg 2016/01/02 v1.6 sample color configuration
)
Package xcolor Info: Driver file: pdftex.def on input line 274.
(/home/brauctim/.TinyTeX/texmf-dist/tex/latex/graphics-def/pdftex.def
File: pdftex.def 2024/04/13 v1.2c Graphics/color driver for pdftex
) (/home/brauctim/.TinyTeX/texmf-dist/tex/latex/graphics/mathcolor.ltx)
Package xcolor Info: Model `cmy' substituted by `cmy0' on input line 1350.
Package xcolor Info: Model `hsb' substituted by `rgb' on input line 1354.
Package xcolor Info: Model `RGB' extended on input line 1366.
Package xcolor Info: Model `HTML' substituted by `rgb' on input line 1368.
Package xcolor Info: Model `Hsb' substituted by `hsb' on input line 1369.
Package xcolor Info: Model `tHsb' substituted by `hsb' on input line 1370.
Package xcolor Info: Model `HSB' substituted by `hsb' on input line 1371.
Package xcolor Info: Model `Gray' substituted by `gray' on input line 1372.
Package xcolor Info: Model `wave' substituted by `hsb' on input line 1373.
) (/home/brauctim/.TinyTeX/texmf-dist/tex/latex/geometry/geometry.sty
Package: geometry 2020/01/02 v5.9 Page Geometry
(/home/brauctim/.TinyTeX/texmf-dist/tex/generic/iftex/ifvtex.sty
Package: ifvtex 2019/10/25 v1.7 ifvtex legacy package. Use iftex instead.
)
\Gm@cnth=\count283
\Gm@cntv=\count284
\c@Gm@tempcnt=\count285
\Gm@bindingoffset=\dimen152
\Gm@wd@mp=\dimen153
\Gm@odd@mp=\dimen154
\Gm@even@mp=\dimen155
\Gm@layoutwidth=\dimen156
\Gm@layoutheight=\dimen157
\Gm@layouthoffset=\dimen158
\Gm@layoutvoffset=\dimen159
\Gm@dimlist=\toks27
) (/home/brauctim/.TinyTeX/texmf-dist/tex/latex/fancyvrb/fancyvrb.sty
Package: fancyvrb 2024/01/20 4.5c verbatim text (tvz,hv)
\FV@CodeLineNo=\count286
\FV@InFile=\read2
\FV@TabBox=\box55
\c@FancyVerbLine=\count287
\FV@StepNumber=\count288
\FV@OutFile=\write3
) (/home/brauctim/.TinyTeX/texmf-dist/tex/latex/framed/framed.sty
Package: framed 2011/10/22 v 0.96: framed or shaded text with page breaks
\OuterFrameSep=\skip55
\fb@frw=\dimen160
\fb@frh=\dimen161
\FrameRule=\dimen162
\FrameSep=\dimen163
) (/home/brauctim/.TinyTeX/texmf-dist/tex/latex/tools/longtable.sty
Package: longtable 2024-04-26 v4.20 Multi-page Table package (DPC)
\LTleft=\skip56
\LTright=\skip57
\LTpre=\skip58
\LTpost=\skip59
\LTchunksize=\count289
\LTcapwidth=\dimen164
\LT@head=\box56
\LT@firsthead=\box57
\LT@foot=\box58
\LT@lastfoot=\box59
\LT@gbox=\box60
\LT@cols=\count290
\LT@rows=\count291
\c@LT@tables=\count292
\c@LT@chunks=\count293
\LT@p@ftn=\toks28
) (/home/brauctim/.TinyTeX/texmf-dist/tex/latex/booktabs/booktabs.sty
Package: booktabs 2020/01/12 v1.61803398 Publication quality tables
\heavyrulewidth=\dimen165
\lightrulewidth=\dimen166
\cmidrulewidth=\dimen167
\belowrulesep=\dimen168
\belowbottomsep=\dimen169
\aboverulesep=\dimen170
\abovetopsep=\dimen171
\cmidrulesep=\dimen172
\cmidrulekern=\dimen173
\defaultaddspace=\dimen174
\@cmidla=\count294
\@cmidlb=\count295
\@aboverulesep=\dimen175
\@belowrulesep=\dimen176
\@thisruleclass=\count296
\@lastruleclass=\count297
\@thisrulewidth=\dimen177
) (/home/brauctim/.TinyTeX/texmf-dist/tex/latex/tools/array.sty
Package: array 2024/06/14 v2.6d Tabular extension package (FMi)
\col@sep=\dimen178
\ar@mcellbox=\box61
\extrarowheight=\dimen179
\NC@list=\toks29
\extratabsurround=\skip60
\backup@length=\skip61
\ar@cellbox=\box62
) (/home/brauctim/.TinyTeX/texmf-dist/tex/latex/tools/calc.sty
Package: calc 2023/07/08 v4.3 Infix arithmetic (KKT,FJ)
\calc@Acount=\count298
\calc@Bcount=\count299
\calc@Adimen=\dimen180
\calc@Bdimen=\dimen181
\calc@Askip=\skip62
\calc@Bskip=\skip63
LaTeX Info: Redefining \setlength on input line 80.
LaTeX Info: Redefining \addtolength on input line 81.
\calc@Ccount=\count300
\calc@Cskip=\skip64
) (/home/brauctim/.TinyTeX/texmf-dist/tex/latex/mdwtools/footnote.sty
Package: footnote 1997/01/28 1.13 Save footnotes around boxes
\fn@notes=\box63
\fn@width=\dimen182
) (/home/brauctim/.TinyTeX/texmf-dist/tex/latex/graphics/graphicx.sty
Package: graphicx 2021/09/16 v1.2d Enhanced LaTeX Graphics (DPC,SPQR)
(/home/brauctim/.TinyTeX/texmf-dist/tex/latex/graphics/graphics.sty
Package: graphics 2024/05/23 v1.4g Standard LaTeX Graphics (DPC,SPQR)
(/home/brauctim/.TinyTeX/texmf-dist/tex/latex/graphics/trig.sty
Package: trig 2023/12/02 v1.11 sin cos tan (DPC)
) (/home/brauctim/.TinyTeX/texmf-dist/tex/latex/graphics-cfg/graphics.cfg
File: graphics.cfg 2016/06/04 v1.11 sample graphics configuration
)
Package graphics Info: Driver file: pdftex.def on input line 106.
)
\Gin@req@height=\dimen183
\Gin@req@width=\dimen184
) (/home/brauctim/.TinyTeX/texmf-dist/tex/latex/multirow/multirow.sty
Package: multirow 2021/03/15 v2.8 Span multiple rows of a table
\multirow@colwidth=\skip65
\multirow@cntb=\count301
\multirow@dima=\skip66
\bigstrutjot=\dimen185
) (/home/brauctim/.TinyTeX/texmf-dist/tex/latex/wrapfig/wrapfig.sty
\wrapoverhang=\dimen186
\WF@size=\dimen187
\c@WF@wrappedlines=\count302
\WF@box=\box64
\WF@everypar=\toks30
Package: wrapfig 2003/01/31  v 3.6
) (/home/brauctim/.TinyTeX/texmf-dist/tex/latex/float/float.sty
Package: float 2001/11/08 v1.3d Float enhancements (AL)
\c@float@type=\count303
\float@exts=\toks31
\float@box=\box65
\@float@everytoks=\toks32
\@floatcapt=\box66
) (/home/brauctim/.TinyTeX/texmf-dist/tex/latex/colortbl/colortbl.sty
Package: colortbl 2024/05/26 v1.0h Color table columns (DPC)
\everycr=\toks33
\minrowclearance=\skip67
\rownum=\count304
) (/home/brauctim/.TinyTeX/texmf-dist/tex/latex/pdflscape/pdflscape.sty
Package: pdflscape 2022-10-27 v0.13 Display of landscape pages in PDF
(/home/brauctim/.TinyTeX/texmf-dist/tex/latex/pdflscape/pdflscape-nometadata.sty
Package: pdflscape-nometadata 2022-10-28 v0.13 Display of landscape pages in PDF (HO)
(/home/brauctim/.TinyTeX/texmf-dist/tex/latex/graphics/lscape.sty
Package: lscape 2020/05/28 v3.02 Landscape Pages (DPC)
)
Package pdflscape Info: Auto-detected driver: pdftex on input line 81.
)) (/home/brauctim/.TinyTeX/texmf-dist/tex/latex/tabu/tabu.sty
Package: tabu 2019/01/11 v2.9 - flexible LaTeX tabulars (FC+tabu-fixed)
(/home/brauctim/.TinyTeX/texmf-dist/tex/latex/varwidth/varwidth.sty
Package: varwidth 2009/03/30 ver 0.92;  Variable-width minipages
\@vwid@box=\box67
\sift@deathcycles=\count305
\@vwid@loff=\dimen188
\@vwid@roff=\dimen189
)
\c@taburow=\count306
\tabu@nbcols=\count307
\tabu@cnt=\count308
\tabu@Xcol=\count309
\tabu@alloc=\count310
\tabu@nested=\count311
\tabu@target=\dimen190
\tabu@spreadtarget=\dimen191
\tabu@naturalX=\dimen192
\tabucolX=\dimen193
\tabu@Xsum=\dimen194
\extrarowdepth=\dimen195
\abovetabulinesep=\dimen196
\belowtabulinesep=\dimen197
\tabustrutrule=\dimen198
\tabu@thebody=\toks34
\tabu@footnotes=\toks35
\tabu@box=\box68
\tabu@arstrutbox=\box69
\tabu@hleads=\box70
\tabu@vleads=\box71
\tabu@cellskip=\skip68
) (/home/brauctim/.TinyTeX/texmf-dist/tex/latex/threeparttable/threeparttable.sty
Package: threeparttable 2003/06/13  v 3.0
\@tempboxb=\box72
) (/home/brauctim/.TinyTeX/texmf-dist/tex/latex/threeparttablex/threeparttablex.sty
Package: threeparttablex 2013/07/23 v0.3 by daleif
(/home/brauctim/.TinyTeX/texmf-dist/tex/latex/environ/environ.sty
Package: environ 2014/05/04 v0.3 A new way to define environments
(/home/brauctim/.TinyTeX/texmf-dist/tex/latex/trimspaces/trimspaces.sty
Package: trimspaces 2009/09/17 v1.1 Trim spaces around a token list
))
\TPTL@width=\skip69
) (/home/brauctim/.TinyTeX/texmf-dist/tex/generic/ulem/ulem.sty
\UL@box=\box73
\UL@hyphenbox=\box74
\UL@skip=\skip70
\UL@hook=\toks36
\UL@height=\dimen199
\UL@pe=\count312
\UL@pixel=\dimen256
\ULC@box=\box75
Package: ulem 2019/11/18
\ULdepth=\dimen257
) (/home/brauctim/.TinyTeX/texmf-dist/tex/latex/makecell/makecell.sty
Package: makecell 2009/08/03 V0.1e Managing of Tab Column Heads and Cells
\rotheadsize=\dimen258
\c@nlinenum=\count313
\TeXr@lab=\toks37
) (/home/brauctim/.TinyTeX/texmf-dist/tex/latex/bookmark/bookmark.sty
Package: bookmark 2023-12-10 v1.31 PDF bookmarks (HO)
(/home/brauctim/.TinyTeX/texmf-dist/tex/latex/hyperref/hyperref.sty
Package: hyperref 2024-05-23 v7.01i Hypertext links for LaTeX
(/home/brauctim/.TinyTeX/texmf-dist/tex/latex/kvsetkeys/kvsetkeys.sty
Package: kvsetkeys 2022-10-05 v1.19 Key value parser (HO)
) (/home/brauctim/.TinyTeX/texmf-dist/tex/generic/kvdefinekeys/kvdefinekeys.sty
Package: kvdefinekeys 2019-12-19 v1.6 Define keys (HO)
) (/home/brauctim/.TinyTeX/texmf-dist/tex/generic/pdfescape/pdfescape.sty
Package: pdfescape 2019/12/09 v1.15 Implements pdfTeX's escape features (HO)
(/home/brauctim/.TinyTeX/texmf-dist/tex/generic/ltxcmds/ltxcmds.sty
Package: ltxcmds 2023-12-04 v1.26 LaTeX kernel commands for general use (HO)
) (/home/brauctim/.TinyTeX/texmf-dist/tex/generic/pdftexcmds/pdftexcmds.sty
Package: pdftexcmds 2020-06-27 v0.33 Utility functions of pdfTeX for LuaTeX (HO)
(/home/brauctim/.TinyTeX/texmf-dist/tex/generic/infwarerr/infwarerr.sty
Package: infwarerr 2019/12/03 v1.5 Providing info/warning/error messages (HO)
)
Package pdftexcmds Info: \pdf@primitive is available.
Package pdftexcmds Info: \pdf@ifprimitive is available.
Package pdftexcmds Info: \pdfdraftmode found.
)) (/home/brauctim/.TinyTeX/texmf-dist/tex/latex/hycolor/hycolor.sty
Package: hycolor 2020-01-27 v1.10 Color options for hyperref/bookmark (HO)
) (/home/brauctim/.TinyTeX/texmf-dist/tex/latex/hyperref/nameref.sty
Package: nameref 2023-11-26 v2.56 Cross-referencing by name of section
(/home/brauctim/.TinyTeX/texmf-dist/tex/latex/refcount/refcount.sty
Package: refcount 2019/12/15 v3.6 Data extraction from label references (HO)
) (/home/brauctim/.TinyTeX/texmf-dist/tex/generic/gettitlestring/gettitlestring.sty
Package: gettitlestring 2019/12/15 v1.6 Cleanup title references (HO)
(/home/brauctim/.TinyTeX/texmf-dist/tex/latex/kvoptions/kvoptions.sty
Package: kvoptions 2022-06-15 v3.15 Key value format for package options (HO)
))
\c@section@level=\count314
) (/home/brauctim/.TinyTeX/texmf-dist/tex/generic/stringenc/stringenc.sty
Package: stringenc 2019/11/29 v1.12 Convert strings between diff. encodings (HO)
)
\@linkdim=\dimen259
\Hy@linkcounter=\count315
\Hy@pagecounter=\count316
(/home/brauctim/.TinyTeX/texmf-dist/tex/latex/hyperref/pd1enc.def
File: pd1enc.def 2024-05-23 v7.01i Hyperref: PDFDocEncoding definition (HO)
Now handling font encoding PD1 ...
... no UTF-8 mapping file for font encoding PD1
) (/home/brauctim/.TinyTeX/texmf-dist/tex/generic/intcalc/intcalc.sty
Package: intcalc 2019/12/15 v1.3 Expandable calculations with integers (HO)
)
\Hy@SavedSpaceFactor=\count317
(/home/brauctim/.TinyTeX/texmf-dist/tex/latex/hyperref/puenc.def
File: puenc.def 2024-05-23 v7.01i Hyperref: PDF Unicode definition (HO)
Now handling font encoding PU ...
... no UTF-8 mapping file for font encoding PU
)
Package hyperref Info: Option `unicode' set `true' on input line 4040.
Package hyperref Info: Hyper figures OFF on input line 4157.
Package hyperref Info: Link nesting OFF on input line 4162.
Package hyperref Info: Hyper index ON on input line 4165.
Package hyperref Info: Plain pages OFF on input line 4172.
Package hyperref Info: Backreferencing OFF on input line 4177.
Package hyperref Info: Implicit mode ON; LaTeX internals redefined.
Package hyperref Info: Bookmarks ON on input line 4424.
\c@Hy@tempcnt=\count318
(/home/brauctim/.TinyTeX/texmf-dist/tex/latex/url/url.sty
\Urlmuskip=\muskip18
Package: url 2013/09/16  ver 3.4  Verb mode for urls, etc.
)
LaTeX Info: Redefining \url on input line 4763.
\XeTeXLinkMargin=\dimen260
(/home/brauctim/.TinyTeX/texmf-dist/tex/generic/bitset/bitset.sty
Package: bitset 2019/12/09 v1.3 Handle bit-vector datatype (HO)
(/home/brauctim/.TinyTeX/texmf-dist/tex/generic/bigintcalc/bigintcalc.sty
Package: bigintcalc 2019/12/15 v1.5 Expandable calculations on big integers (HO)
))
\Fld@menulength=\count319
\Field@Width=\dimen261
\Fld@charsize=\dimen262
Package hyperref Info: Hyper figures OFF on input line 6042.
Package hyperref Info: Link nesting OFF on input line 6047.
Package hyperref Info: Hyper index ON on input line 6050.
Package hyperref Info: backreferencing OFF on input line 6057.
Package hyperref Info: Link coloring OFF on input line 6062.
Package hyperref Info: Link coloring with OCG OFF on input line 6067.
Package hyperref Info: PDF/A mode OFF on input line 6072.
(/home/brauctim/.TinyTeX/texmf-dist/tex/latex/base/atbegshi-ltx.sty
Package: atbegshi-ltx 2021/01/10 v1.0c Emulation of the original atbegshi
package with kernel methods
)
\Hy@abspage=\count320
\c@Item=\count321
\c@Hfootnote=\count322
)
Package hyperref Info: Driver (autodetected): hpdftex.
(/home/brauctim/.TinyTeX/texmf-dist/tex/latex/hyperref/hpdftex.def
File: hpdftex.def 2024-05-23 v7.01i Hyperref driver for pdfTeX
(/home/brauctim/.TinyTeX/texmf-dist/tex/latex/base/atveryend-ltx.sty
Package: atveryend-ltx 2020/08/19 v1.0a Emulation of the original atveryend package
with kernel methods
)
\Fld@listcount=\count323
\c@bookmark@seq@number=\count324
(/home/brauctim/.TinyTeX/texmf-dist/tex/latex/rerunfilecheck/rerunfilecheck.sty
Package: rerunfilecheck 2022-07-10 v1.10 Rerun checks for auxiliary files (HO)
(/home/brauctim/.TinyTeX/texmf-dist/tex/generic/uniquecounter/uniquecounter.sty
Package: uniquecounter 2019/12/15 v1.4 Provide unlimited unique counter (HO)
)
Package uniquecounter Info: New unique counter `rerunfilecheck' on input line 285.
)
\Hy@SectionHShift=\skip71
) (/home/brauctim/.TinyTeX/texmf-dist/tex/latex/bookmark/bkm-pdftex.def
File: bkm-pdftex.def 2023-12-10 v1.31 bookmark driver for pdfTeX and luaTeX (HO)
\BKM@id=\count325
))
LaTeX Font Info:    Trying to load font information for T1+lmr on input line 134.
(/home/brauctim/.TinyTeX/texmf-dist/tex/latex/lm/t1lmr.fd
File: t1lmr.fd 2015/05/01 v1.6.1 Font defs for Latin Modern
) (/home/brauctim/.TinyTeX/texmf-dist/tex/latex/l3backend/l3backend-pdftex.def
File: l3backend-pdftex.def 2024-05-08 L3 backend support: PDF output (pdfTeX)
\l__color_backend_stack_int=\count326
\l__pdf_internal_box=\box76
) (./FunctionsOfBiopixR.aux)
\openout1 = `FunctionsOfBiopixR.aux'.

LaTeX Font Info:    Checking defaults for OML/cmm/m/it on input line 134.
LaTeX Font Info:    ... okay on input line 134.
LaTeX Font Info:    Checking defaults for OMS/cmsy/m/n on input line 134.
LaTeX Font Info:    ... okay on input line 134.
LaTeX Font Info:    Checking defaults for OT1/cmr/m/n on input line 134.
LaTeX Font Info:    ... okay on input line 134.
LaTeX Font Info:    Checking defaults for T1/cmr/m/n on input line 134.
LaTeX Font Info:    ... okay on input line 134.
LaTeX Font Info:    Checking defaults for TS1/cmr/m/n on input line 134.
LaTeX Font Info:    ... okay on input line 134.
LaTeX Font Info:    Checking defaults for OMX/cmex/m/n on input line 134.
LaTeX Font Info:    ... okay on input line 134.
LaTeX Font Info:    Checking defaults for U/cmr/m/n on input line 134.
LaTeX Font Info:    ... okay on input line 134.
LaTeX Font Info:    Checking defaults for PD1/pdf/m/n on input line 134.
LaTeX Font Info:    ... okay on input line 134.
LaTeX Font Info:    Checking defaults for PU/pdf/m/n on input line 134.
LaTeX Font Info:    ... okay on input line 134.
LaTeX Info: Redefining \microtypecontext on input line 134.
Package microtype Info: Applying patch `item' on input line 134.
Package microtype Info: Applying patch `toc' on input line 134.
Package microtype Info: Applying patch `eqnum' on input line 134.
Package microtype Info: Applying patch `footnote' on input line 134.
Package microtype Info: Applying patch `verbatim' on input line 134.
Package microtype Info: Generating PDF output.
Package microtype Info: Character protrusion enabled (level 2).
Package microtype Info: Using protrusion set `basicmath'.
Package microtype Info: Automatic font expansion enabled (level 2),
(microtype)             stretch: 20, shrink: 20, step: 1, non-selected.
Package microtype Info: Using default expansion set `alltext-nott'.
LaTeX Info: Redefining \showhyphens on input line 134.
Package microtype Info: No adjustment of tracking.
Package microtype Info: No adjustment of interword spacing.
Package microtype Info: No adjustment of character kerning.
(/home/brauctim/.TinyTeX/texmf-dist/tex/latex/microtype/mt-cmr.cfg
File: mt-cmr.cfg 2013/05/19 v2.2 microtype config. file: Computer Modern Roman (RS)
) (/home/brauctim/.TinyTeX/texmf-dist/tex/latex/epstopdf-pkg/epstopdf-base.sty
Package: epstopdf-base 2020-01-24 v2.11 Base part for package epstopdf
Package epstopdf-base Info: Redefining graphics rule for `.eps' on input line 485.
(/home/brauctim/.TinyTeX/texmf-dist/tex/latex/latexconfig/epstopdf-sys.cfg
File: epstopdf-sys.cfg 2010/07/13 v1.3 Configuration of (r)epstopdf for TeX Live
))
*geometry* driver: auto-detecting
*geometry* detected driver: pdftex
*geometry* verbose mode - [ preamble ] result:
* driver: pdftex
* paper: <default>
* layout: <same size as paper>
* layoutoffset:(h,v)=(0.0pt,0.0pt)
* modes: 
* h-part:(L,W,R)=(72.26999pt, 469.75502pt, 72.26999pt)
* v-part:(T,H,B)=(72.26999pt, 650.43001pt, 72.26999pt)
* \paperwidth=614.295pt
* \paperheight=794.96999pt
* \textwidth=469.75502pt
* \textheight=650.43001pt
* \oddsidemargin=0.0pt
* \evensidemargin=0.0pt
* \topmargin=-37.0pt
* \headheight=12.0pt
* \headsep=25.0pt
* \topskip=10.0pt
* \footskip=30.0pt
* \marginparwidth=65.0pt
* \marginparsep=11.0pt
* \columnsep=10.0pt
* \skip\footins=9.0pt plus 4.0pt minus 2.0pt
* \hoffset=0.0pt
* \voffset=0.0pt
* \mag=1000
* \@twocolumnfalse
* \@twosidefalse
* \@mparswitchfalse
* \@reversemarginfalse
* (1in=72.27pt=25.4mm, 1cm=28.453pt)

Package hyperref Info: Link coloring OFF on input line 134.
LaTeX Font Info:    Trying to load font information for T1+lmtt on input line 137.
(/home/brauctim/.TinyTeX/texmf-dist/tex/latex/lm/t1lmtt.fd
File: t1lmtt.fd 2015/05/01 v1.6.1 Font defs for Latin Modern
)
LaTeX Font Info:    Font shape `T1/lmtt/bx/n' in size <10> not available
(Font)              Font shape `T1/lmtt/b/n' tried instead on input line 138.
LaTeX Font Info:    Trying to load font information for TS1+lmtt on input line 154.
(/home/brauctim/.TinyTeX/texmf-dist/tex/latex/lm/ts1lmtt.fd
File: ts1lmtt.fd 2015/05/01 v1.6.1 Font defs for Latin Modern
)
<figures/fig4_dependency.png, id=4, 1568.86125pt x 703.62875pt>
File: figures/fig4_dependency.png Graphic file (type png)
<use figures/fig4_dependency.png>
Package pdftex.def Info: figures/fig4_dependency.png  used on input line 217.
(pdftex.def)             Requested size: 465.06032pt x 208.57791pt.


[1

{/home/brauctim/.TinyTeX/texmf-var/fonts/map/pdftex/updmap/pdftex.map}{/home/brauctim/.TinyTeX/texmf-dist/fonts/enc/dvips/lm/lm-ec.enc}{/home/brauctim/.TinyTeX/texmf-dist/fonts/enc/dvips/lm/lm-ts1.enc}]
<figures/fig24.1_example.png, id=16, 1071.25218pt x 471.26062pt>
File: figures/fig24.1_example.png Graphic file (type png)
<use figures/fig24.1_example.png>
Package pdftex.def Info: figures/fig24.1_example.png  used on input line 253.
(pdftex.def)             Requested size: 446.2777pt x 196.32455pt.
<figures/fig24.2_example.png, id=17, 1071.25218pt x 471.26062pt>
File: figures/fig24.2_example.png Graphic file (type png)
<use figures/fig24.2_example.png>
Package pdftex.def Info: figures/fig24.2_example.png  used on input line 256.
(pdftex.def)             Requested size: 446.2777pt x 196.32455pt.


[2 <./figures/fig4_dependency.png>]
LaTeX Font Info:    Trying to load font information for TS1+lmr on input line 264.
(/home/brauctim/.TinyTeX/texmf-dist/tex/latex/lm/ts1lmr.fd
File: ts1lmr.fd 2015/05/01 v1.6.1 Font defs for Latin Modern
)
LaTeX Font Info:    Font shape `T1/lmtt/bx/n' in size <12> not available
(Font)              Font shape `T1/lmtt/b/n' tried instead on input line 270.


[3 <./figures/fig24.1_example.png> <./figures/fig24.2_example.png (PNG copy)>]
<figures/fig22_import.png, id=35, 959.08313pt x 418.56375pt>
File: figures/fig22_import.png Graphic file (type png)
<use figures/fig22_import.png>
Package pdftex.def Info: figures/fig22_import.png  used on input line 332.
(pdftex.def)             Requested size: 465.06696pt x 202.96484pt.


[4 <./figures/fig22_import.png>]
LaTeX Font Info:    Trying to load font information for OT1+lmr on input line 370.
(/home/brauctim/.TinyTeX/texmf-dist/tex/latex/lm/ot1lmr.fd
File: ot1lmr.fd 2015/05/01 v1.6.1 Font defs for Latin Modern
)
LaTeX Font Info:    Trying to load font information for OML+lmm on input line 370.
(/home/brauctim/.TinyTeX/texmf-dist/tex/latex/lm/omllmm.fd
File: omllmm.fd 2015/05/01 v1.6.1 Font defs for Latin Modern
)
LaTeX Font Info:    Trying to load font information for OMS+lmsy on input line 370.
(/home/brauctim/.TinyTeX/texmf-dist/tex/latex/lm/omslmsy.fd
File: omslmsy.fd 2015/05/01 v1.6.1 Font defs for Latin Modern
)
LaTeX Font Info:    Trying to load font information for OMX+lmex on input line 370.
(/home/brauctim/.TinyTeX/texmf-dist/tex/latex/lm/omxlmex.fd
File: omxlmex.fd 2015/05/01 v1.6.1 Font defs for Latin Modern
)
LaTeX Font Info:    External font `lmex10' loaded for size
(Font)              <10> on input line 370.
LaTeX Font Info:    External font `lmex10' loaded for size
(Font)              <7> on input line 370.
LaTeX Font Info:    External font `lmex10' loaded for size
(Font)              <5> on input line 370.
LaTeX Font Info:    Trying to load font information for U+msa on input line 370.
(/home/brauctim/.TinyTeX/texmf-dist/tex/latex/amsfonts/umsa.fd
File: umsa.fd 2013/01/14 v3.01 AMS symbols A
) (/home/brauctim/.TinyTeX/texmf-dist/tex/latex/microtype/mt-msa.cfg
File: mt-msa.cfg 2006/02/04 v1.1 microtype config. file: AMS symbols (a) (RS)
)
LaTeX Font Info:    Trying to load font information for U+msb on input line 370.
(/home/brauctim/.TinyTeX/texmf-dist/tex/latex/amsfonts/umsb.fd
File: umsb.fd 2013/01/14 v3.01 AMS symbols B
) (/home/brauctim/.TinyTeX/texmf-dist/tex/latex/microtype/mt-msb.cfg
File: mt-msb.cfg 2005/06/01 v1.0 microtype config. file: AMS symbols (b) (RS)
)
LaTeX Font Info:    External font `lmex10' loaded for size
(Font)              <8> on input line 370.
LaTeX Font Info:    External font `lmex10' loaded for size
(Font)              <6> on input line 370.
<figures/fig5.1_edgeDetection.png, id=46, 679.78969pt x 426.84468pt>
File: figures/fig5.1_edgeDetection.png Graphic file (type png)
<use figures/fig5.1_edgeDetection.png>
Package pdftex.def Info: figures/fig5.1_edgeDetection.png  used on input line 404.
(pdftex.def)             Requested size: 403.98718pt x 253.66637pt.


[5]

[6 <./figures/fig5.1_edgeDetection.png (PNG copy)>]
Underfull \vbox (badness 10000) detected at line 530
 []


Underfull \vbox (badness 10000) detected at line 530
 []



[7]
<figures/fig5.0_edgeDetection.png, id=67, 1445.4pt x 813.0375pt>
File: figures/fig5.0_edgeDetection.png Graphic file (type png)
<use figures/fig5.0_edgeDetection.png>
Package pdftex.def Info: figures/fig5.0_edgeDetection.png  used on input line 533.
(pdftex.def)             Requested size: 465.05173pt x 261.5916pt.


[8 <./figures/fig5.0_edgeDetection.png (PNG copy)>]
<figures/fig5.2_edgeDetection.png, id=73, 1445.4pt x 813.0375pt>
File: figures/fig5.2_edgeDetection.png Graphic file (type png)
<use figures/fig5.2_edgeDetection.png>
Package pdftex.def Info: figures/fig5.2_edgeDetection.png  used on input line 585.
(pdftex.def)             Requested size: 465.05173pt x 261.5916pt.


[9]

[10 <./figures/fig5.2_edgeDetection.png (PNG copy)>]
</tmp/RtmphWycFh/preview-f565ea0c686.dir/FunctionsOfBiopixR_files/figure-latex/object2-1.pdf, id=87, 469.755pt x 325.215pt>
File: /tmp/RtmphWycFh/preview-f565ea0c686.dir/FunctionsOfBiopixR_files/figure-latex/object2-1.pdf Graphic file (type pdf)
<use /tmp/RtmphWycFh/preview-f565ea0c686.dir/FunctionsOfBiopixR_files/figure-latex/object2-1.pdf>
Package pdftex.def Info: /tmp/RtmphWycFh/preview-f565ea0c686.dir/FunctionsOfBiopixR_files/figure-latex/object2-1.pdf  used on input line 677.
(pdftex.def)             Requested size: 465.0589pt x 321.96384pt.


[11 </tmp/RtmphWycFh/preview-f565ea0c686.dir/FunctionsOfBiopixR_files/figure-latex/object2-1.pdf>]
Underfull \hbox (badness 10000) in paragraph at lines 726--734
[]\T1/lmr/m/n/10 (+20) The prin-ci-ple of this method in-volves:
 []


Underfull \hbox (badness 10000) in paragraph at lines 726--734
\T1/lmr/m/n/10 (+20) 1. Gen-er-at-ing an ini-tial set of ob-ser-va-tions.
 []


Underfull \hbox (badness 10000) in paragraph at lines 726--734
\T1/lmr/m/n/10 (+20) 2. Fit-ting the Gaus-sian pro-cess mod-els to each ob-jec-tive in-de-pen-dently.
 []



[12]
<figures/fig18.png, id=101, 448.67625pt x 408.02437pt>
File: figures/fig18.png Graphic file (type png)
<use figures/fig18.png>
Package pdftex.def Info: figures/fig18.png  used on input line 801.
(pdftex.def)             Requested size: 230.17741pt x 209.3224pt.
<figures/fig17.png, id=102, 448.67625pt x 408.02437pt>
File: figures/fig17.png Graphic file (type png)
<use figures/fig17.png>
Package pdftex.def Info: figures/fig17.png  used on input line 804.
(pdftex.def)             Requested size: 230.17741pt x 209.3224pt.
</tmp/RtmphWycFh/preview-f565ea0c686.dir/FunctionsOfBiopixR_files/figure-latex/object5-1.pdf, id=103, 469.755pt x 325.215pt>
File: /tmp/RtmphWycFh/preview-f565ea0c686.dir/FunctionsOfBiopixR_files/figure-latex/object5-1.pdf Graphic file (type pdf)
<use /tmp/RtmphWycFh/preview-f565ea0c686.dir/FunctionsOfBiopixR_files/figure-latex/object5-1.pdf>
Package pdftex.def Info: /tmp/RtmphWycFh/preview-f565ea0c686.dir/FunctionsOfBiopixR_files/figure-latex/object5-1.pdf  used on input line 829.
(pdftex.def)             Requested size: 403.9886pt x 279.6844pt.


[13 <./figures/fig18.png (PNG copy)>]

[14 <./figures/fig17.png (PNG copy)> </tmp/RtmphWycFh/preview-f565ea0c686.dir/FunctionsOfBiopixR_files/figure-latex/object5-1.pdf>]
<figures/fig7.1_transparent_beads.png, id=122, 1445.4pt x 813.0375pt>
File: figures/fig7.1_transparent_beads.png Graphic file (type png)
<use figures/fig7.1_transparent_beads.png>
Package pdftex.def Info: figures/fig7.1_transparent_beads.png  used on input line 893.
(pdftex.def)             Requested size: 465.05173pt x 261.5916pt.


[15]
Overfull \hbox (54.66504pt too wide) in paragraph at lines 921--930
[]\T1/lmr/m/n/10 (-20) (ref:object9) \T1/lmr/bx/n/10 (-20) Graph-i-cal User In-ter-face for In-ter-ac-tive Pa-ram-e-ter Se-lec-tion\T1/lmr/m/n/10 (-20) : The \T1/lmtt/m/n/10 interactive_objectDetection()
 []

<figures/fig8_GUI.png, id=129, 1856.9375pt x 1048.91875pt>
File: figures/fig8_GUI.png Graphic file (type png)
<use figures/fig8_GUI.png>
Package pdftex.def Info: figures/fig8_GUI.png  used on input line 939.
(pdftex.def)             Requested size: 465.05495pt x 262.69319pt.


[16 <./figures/fig7.1_transparent_beads.png (PNG copy)>]
Underfull \vbox (badness 4752) detected at line 1002
 []



[17 <./figures/fig8_GUI.png>]
</tmp/RtmphWycFh/preview-f565ea0c686.dir/FunctionsOfBiopixR_files/figure-latex/filter0-1.pdf, id=143, 469.755pt x 325.215pt>
File: /tmp/RtmphWycFh/preview-f565ea0c686.dir/FunctionsOfBiopixR_files/figure-latex/filter0-1.pdf Graphic file (type pdf)
<use /tmp/RtmphWycFh/preview-f565ea0c686.dir/FunctionsOfBiopixR_files/figure-latex/filter0-1.pdf>
Package pdftex.def Info: /tmp/RtmphWycFh/preview-f565ea0c686.dir/FunctionsOfBiopixR_files/figure-latex/filter0-1.pdf  used on input line 1005.
(pdftex.def)             Requested size: 399.29364pt x 276.43405pt.


[18 </tmp/RtmphWycFh/preview-f565ea0c686.dir/FunctionsOfBiopixR_files/figure-latex/filter0-1.pdf>]
</tmp/RtmphWycFh/preview-f565ea0c686.dir/FunctionsOfBiopixR_files/figure-latex/filter1-1.pdf, id=153, 469.755pt x 325.215pt>
File: /tmp/RtmphWycFh/preview-f565ea0c686.dir/FunctionsOfBiopixR_files/figure-latex/filter1-1.pdf Graphic file (type pdf)
<use /tmp/RtmphWycFh/preview-f565ea0c686.dir/FunctionsOfBiopixR_files/figure-latex/filter1-1.pdf>
Package pdftex.def Info: /tmp/RtmphWycFh/preview-f565ea0c686.dir/FunctionsOfBiopixR_files/figure-latex/filter1-1.pdf  used on input line 1062.
(pdftex.def)             Requested size: 399.29364pt x 276.43405pt.


[19 </tmp/RtmphWycFh/preview-f565ea0c686.dir/FunctionsOfBiopixR_files/figure-latex/filter1-1.pdf>]
</tmp/RtmphWycFh/preview-f565ea0c686.dir/FunctionsOfBiopixR_files/figure-latex/filter2-1.pdf, id=164, 469.755pt x 325.215pt>
File: /tmp/RtmphWycFh/preview-f565ea0c686.dir/FunctionsOfBiopixR_files/figure-latex/filter2-1.pdf Graphic file (type pdf)
<use /tmp/RtmphWycFh/preview-f565ea0c686.dir/FunctionsOfBiopixR_files/figure-latex/filter2-1.pdf>
Package pdftex.def Info: /tmp/RtmphWycFh/preview-f565ea0c686.dir/FunctionsOfBiopixR_files/figure-latex/filter2-1.pdf  used on input line 1128.
(pdftex.def)             Requested size: 418.08064pt x 289.44043pt.


[20]
Overfull \hbox (1.08038pt too wide) in paragraph at lines 1199--1200
 []\T1/lmr/m/n/10 (-20) mean(intensity) 
 []


Overfull \hbox (1.08038pt too wide) in paragraph at lines 1217--1218
 []\T1/lmr/m/n/10 (-20) mean(intensity) 
 []



[21 </tmp/RtmphWycFh/preview-f565ea0c686.dir/FunctionsOfBiopixR_files/figure-latex/filter2-1.pdf>]

[22]
</tmp/RtmphWycFh/preview-f565ea0c686.dir/FunctionsOfBiopixR_files/figure-latex/imgPipe1-1.pdf, id=193, 469.755pt x 325.215pt>
File: /tmp/RtmphWycFh/preview-f565ea0c686.dir/FunctionsOfBiopixR_files/figure-latex/imgPipe1-1.pdf Graphic file (type pdf)
<use /tmp/RtmphWycFh/preview-f565ea0c686.dir/FunctionsOfBiopixR_files/figure-latex/imgPipe1-1.pdf>
Package pdftex.def Info: /tmp/RtmphWycFh/preview-f565ea0c686.dir/FunctionsOfBiopixR_files/figure-latex/imgPipe1-1.pdf  used on input line 1381.
(pdftex.def)             Requested size: 234.87692pt x 162.6071pt.
<figures/fig19.0_dualcolor.png, id=194, 1445.4pt x 813.0375pt>
File: figures/fig19.0_dualcolor.png Graphic file (type png)
<use figures/fig19.0_dualcolor.png>
Package pdftex.def Info: figures/fig19.0_dualcolor.png  used on input line 1391.
(pdftex.def)             Requested size: 465.05173pt x 261.5916pt.


[23 </tmp/RtmphWycFh/preview-f565ea0c686.dir/FunctionsOfBiopixR_files/figure-latex/imgPipe1-1.pdf>]

[24 <./figures/fig19.0_dualcolor.png (PNG copy)>]
Overfull \hbox (9.85777pt too wide) in paragraph at lines 1515--1516
 []\T1/lmr/m/n/10 (-20) mean(size) 
 []


Overfull \hbox (2.09572pt too wide) in paragraph at lines 1517--1518
 []\T1/lmr/m/n/10 (-20) sd(size) 
 []


Overfull \hbox (9.08752pt too wide) in paragraph at lines 1521--1522
 []\T1/lmr/m/n/10 (-20) sd(intensity) 
 []


Overfull \hbox (4.342pt too wide) in paragraph at lines 1525--1526
 []\T1/lmr/m/n/10 (-20) coverage 
 []


Overfull \hbox (9.85777pt too wide) in paragraph at lines 1537--1538
 []\T1/lmr/m/n/10 (-20) mean(size) 
 []


Overfull \hbox (2.09572pt too wide) in paragraph at lines 1539--1540
 []\T1/lmr/m/n/10 (-20) sd(size) 
 []


Overfull \hbox (9.08752pt too wide) in paragraph at lines 1543--1544
 []\T1/lmr/m/n/10 (-20) sd(intensity) 
 []


Overfull \hbox (4.342pt too wide) in paragraph at lines 1547--1548
 []\T1/lmr/m/n/10 (-20) coverage 
 []


Overfull \hbox (2.26208pt too wide) in paragraph at lines 1557--1557
 []|\T1/lmr/m/n/10 (-20) 23.13333| 
 []


Overfull \hbox (8.05638pt too wide) in paragraph at lines 1557--1557
 []|\T1/lmr/m/n/10 (-20) 2.531274| 
 []


Overfull \hbox (10.04211pt too wide) in paragraph at lines 1557--1557
 []|\T1/lmr/m/n/10 (-20) 0.0085344| 
 []



[25]
</tmp/RtmphWycFh/preview-f565ea0c686.dir/FunctionsOfBiopixR_files/figure-latex/imgPipe7-1.pdf, id=218, 469.755pt x 325.215pt>
File: /tmp/RtmphWycFh/preview-f565ea0c686.dir/FunctionsOfBiopixR_files/figure-latex/imgPipe7-1.pdf Graphic file (type pdf)
<use /tmp/RtmphWycFh/preview-f565ea0c686.dir/FunctionsOfBiopixR_files/figure-latex/imgPipe7-1.pdf>
Package pdftex.def Info: /tmp/RtmphWycFh/preview-f565ea0c686.dir/FunctionsOfBiopixR_files/figure-latex/imgPipe7-1.pdf  used on input line 1669.
(pdftex.def)             Requested size: 465.0589pt x 321.96384pt.


[26]

[27 </tmp/RtmphWycFh/preview-f565ea0c686.dir/FunctionsOfBiopixR_files/figure-latex/imgPipe7-1.pdf>]
Overfull \hbox (181.24309pt too wide) in paragraph at lines 1770--1770
[]\T1/lmtt/m/n/10 ## 2024-07-07 15:33:32 Currently analyzing: /home/brauctim/R/x86_64-pc-linux-gnu-library/4.3/biopixR/images/beads_large1.bmp[] 
 []


Overfull \hbox (181.24309pt too wide) in paragraph at lines 1786--1786
[]\T1/lmtt/m/n/10 ## 2024-07-07 15:33:32 Currently analyzing: /home/brauctim/R/x86_64-pc-linux-gnu-library/4.3/biopixR/images/beads_large2.png[] 
 []



[28]
Overfull \hbox (144.4932pt too wide) in paragraph at lines 1802--1802
[]\T1/lmtt/m/n/10 ## 2024-07-07 15:33:36 Currently analyzing: /home/brauctim/R/x86_64-pc-linux-gnu-library/4.3/biopixR/images/beads.png[] 
 []


Overfull \hbox (186.49307pt too wide) in paragraph at lines 1818--1818
[]\T1/lmtt/m/n/10 ## 2024-07-07 15:33:36 Currently analyzing: /home/brauctim/R/x86_64-pc-linux-gnu-library/4.3/biopixR/images/droplet_beads.png[] 
 []


Overfull \hbox (5.73392pt too wide) in paragraph at lines 1856--1857
 []\T1/lmr/m/n/10 (-20) mean(size) 
 []


Overfull \hbox (3.91298pt too wide) in paragraph at lines 1862--1863
 []\T1/lmr/m/n/10 (-20) sd(intensity) 
 []


Overfull \hbox (0.57549pt too wide) in paragraph at lines 1866--1867
 []\T1/lmr/m/n/10 (-20) coverage 
 []


Overfull \hbox (5.73392pt too wide) in paragraph at lines 1875--1876
 []\T1/lmr/m/n/10 (-20) mean(size) 
 []


Overfull \hbox (3.91298pt too wide) in paragraph at lines 1881--1882
 []\T1/lmr/m/n/10 (-20) sd(intensity) 
 []


Overfull \hbox (0.57549pt too wide) in paragraph at lines 1885--1886
 []\T1/lmr/m/n/10 (-20) coverage 
 []


Overfull \hbox (11.88933pt too wide) in paragraph at lines 1891--1891
[]|\T1/lmr/m/n/10 (-20) beads_large1|  
 []


Overfull \hbox (4.61888pt too wide) in paragraph at lines 1891--1891
 []|\T1/lmr/m/n/10 (-20) 48.55387| 
 []


Overfull \hbox (6.2756pt too wide) in paragraph at lines 1892--1893
 []|\T1/lmr/m/n/10 (-20) 0.0428992| 
 []


Overfull \hbox (11.88933pt too wide) in paragraph at lines 1893--1893
[]|\T1/lmr/m/n/10 (-20) beads_large2|  
 []


Overfull \hbox (4.61888pt too wide) in paragraph at lines 1893--1893
 []|\T1/lmr/m/n/10 (-20) 38.38513| 
 []


Overfull \hbox (6.2756pt too wide) in paragraph at lines 1894--1895
 []|\T1/lmr/m/n/10 (-20) 0.0423073| 
 []


Overfull \hbox (4.61888pt too wide) in paragraph at lines 1895--1895
 []|\T1/lmr/m/n/10 (-20) 86.18875| 
 []


Overfull \hbox (6.2756pt too wide) in paragraph at lines 1896--1897
 []|\T1/lmr/m/n/10 (-20) 0.0711631| 
 []


Overfull \hbox (16.78934pt too wide) in paragraph at lines 1897--1897
[]|\T1/lmr/m/n/10 (-20) droplet_beads|  
 []


Overfull \hbox (6.2756pt too wide) in paragraph at lines 1898--1899
 []|\T1/lmr/m/n/10 (-20) 0.0262535| 
 []

<figures/fig21_log_file.png, id=242, 892.33376pt x 1008.76875pt>
File: figures/fig21_log_file.png Graphic file (type png)
<use figures/fig21_log_file.png>
Package pdftex.def Info: figures/fig21_log_file.png  used on input line 1930.
(pdftex.def)             Requested size: 575.35344pt x 650.42767pt.

Overfull \hbox (105.59842pt too wide) in paragraph at lines 1930--1930
[][] 
 []


LaTeX Warning: Float too large for page by 24.49767pt on input line 1931.



[29]

[30 <./figures/fig21_log_file.png>]
</tmp/RtmphWycFh/preview-f565ea0c686.dir/FunctionsOfBiopixR_files/figure-latex/fill0-1.pdf, id=255, 469.755pt x 325.215pt>
File: /tmp/RtmphWycFh/preview-f565ea0c686.dir/FunctionsOfBiopixR_files/figure-latex/fill0-1.pdf Graphic file (type pdf)
<use /tmp/RtmphWycFh/preview-f565ea0c686.dir/FunctionsOfBiopixR_files/figure-latex/fill0-1.pdf>
Package pdftex.def Info: /tmp/RtmphWycFh/preview-f565ea0c686.dir/FunctionsOfBiopixR_files/figure-latex/fill0-1.pdf  used on input line 1992.
(pdftex.def)             Requested size: 465.0589pt x 321.96384pt.


[31]

[32 </tmp/RtmphWycFh/preview-f565ea0c686.dir/FunctionsOfBiopixR_files/figure-latex/fill0-1.pdf>]
</tmp/RtmphWycFh/preview-f565ea0c686.dir/FunctionsOfBiopixR_files/figure-latex/fill1-1.pdf, id=276, 469.755pt x 325.215pt>
File: /tmp/RtmphWycFh/preview-f565ea0c686.dir/FunctionsOfBiopixR_files/figure-latex/fill1-1.pdf Graphic file (type pdf)
<use /tmp/RtmphWycFh/preview-f565ea0c686.dir/FunctionsOfBiopixR_files/figure-latex/fill1-1.pdf>
Package pdftex.def Info: /tmp/RtmphWycFh/preview-f565ea0c686.dir/FunctionsOfBiopixR_files/figure-latex/fill1-1.pdf  used on input line 2049.
(pdftex.def)             Requested size: 418.08064pt x 289.44043pt.


[33 </tmp/RtmphWycFh/preview-f565ea0c686.dir/FunctionsOfBiopixR_files/figure-latex/fill1-1.pdf>]

[34]
</tmp/RtmphWycFh/preview-f565ea0c686.dir/FunctionsOfBiopixR_files/figure-latex/fill6-1.pdf, id=292, 469.755pt x 325.215pt>
File: /tmp/RtmphWycFh/preview-f565ea0c686.dir/FunctionsOfBiopixR_files/figure-latex/fill6-1.pdf Graphic file (type pdf)
<use /tmp/RtmphWycFh/preview-f565ea0c686.dir/FunctionsOfBiopixR_files/figure-latex/fill6-1.pdf>
Package pdftex.def Info: /tmp/RtmphWycFh/preview-f565ea0c686.dir/FunctionsOfBiopixR_files/figure-latex/fill6-1.pdf  used on input line 2202.
(pdftex.def)             Requested size: 418.08064pt x 289.44043pt.


[35 </tmp/RtmphWycFh/preview-f565ea0c686.dir/FunctionsOfBiopixR_files/figure-latex/fill6-1.pdf>]

[36]
Underfull \vbox (badness 10000) detected at line 2358
 []


Underfull \vbox (badness 10000) detected at line 2358
 []



[37]
<figures/fig23_shape.png, id=317, 553.31718pt x 656.4525pt>
File: figures/fig23_shape.png Graphic file (type png)
<use figures/fig23_shape.png>
Package pdftex.def Info: figures/fig23_shape.png  used on input line 2370.
(pdftex.def)             Requested size: 418.07698pt x 496.00426pt.


[38]

[39{/home/brauctim/.TinyTeX/texmf-dist/fonts/enc/dvips/lm/lm-mathit.enc}{/home/brauctim/.TinyTeX/texmf-dist/fonts/enc/dvips/lm/lm-rm.enc} <./figures/fig23_shape.png (PNG copy)>]
<figures/fig2_circularity.png, id=330, 2607.7425pt x 1270.7475pt>
File: figures/fig2_circularity.png Graphic file (type png)
<use figures/fig2_circularity.png>
Package pdftex.def Info: figures/fig2_circularity.png  used on input line 2399.
(pdftex.def)             Requested size: 324.09685pt x 157.93172pt.


[40 <./figures/fig2_circularity.png>]
</tmp/RtmphWycFh/preview-f565ea0c686.dir/FunctionsOfBiopixR_files/figure-latex/shape9-1.pdf, id=338, 469.755pt x 325.215pt>
File: /tmp/RtmphWycFh/preview-f565ea0c686.dir/FunctionsOfBiopixR_files/figure-latex/shape9-1.pdf Graphic file (type pdf)
<use /tmp/RtmphWycFh/preview-f565ea0c686.dir/FunctionsOfBiopixR_files/figure-latex/shape9-1.pdf>
Package pdftex.def Info: /tmp/RtmphWycFh/preview-f565ea0c686.dir/FunctionsOfBiopixR_files/figure-latex/shape9-1.pdf  used on input line 2490.
(pdftex.def)             Requested size: 469.75386pt x 325.2142pt.


[41 </tmp/RtmphWycFh/preview-f565ea0c686.dir/FunctionsOfBiopixR_files/figure-latex/shape9-1.pdf>]

[42]
<figures/fig20.1_haralick.png, id=359, 1129.21875pt x 526.96875pt>
File: figures/fig20.1_haralick.png Graphic file (type png)
<use figures/fig20.1_haralick.png>
Package pdftex.def Info: figures/fig20.1_haralick.png  used on input line 2629.
(pdftex.def)             Requested size: 465.06758pt x 217.03152pt.
<figures/fig20.2_haralick.png, id=360, 1129.21875pt x 526.96875pt>
File: figures/fig20.2_haralick.png Graphic file (type png)
<use figures/fig20.2_haralick.png>
Package pdftex.def Info: figures/fig20.2_haralick.png  used on input line 2630.
(pdftex.def)             Requested size: 465.06758pt x 217.03152pt.

Underfull \hbox (badness 10000) in paragraph at lines 2629--2631
[][]
 []

<figures/fig20.3_haralick.png, id=361, 1129.21875pt x 526.96875pt>
File: figures/fig20.3_haralick.png Graphic file (type png)
<use figures/fig20.3_haralick.png>
Package pdftex.def Info: figures/fig20.3_haralick.png  used on input line 2633.
(pdftex.def)             Requested size: 465.06758pt x 217.03152pt.
<figures/fig20.4_haralick.png, id=362, 1129.21875pt x 526.96875pt>
File: figures/fig20.4_haralick.png Graphic file (type png)
<use figures/fig20.4_haralick.png>
Package pdftex.def Info: figures/fig20.4_haralick.png  used on input line 2636.
(pdftex.def)             Requested size: 465.06758pt x 217.03152pt.


[43 <./figures/fig20.1_haralick.png> <./figures/fig20.2_haralick.png>]

[44 <./figures/fig20.3_haralick.png> <./figures/fig20.4_haralick.png>]

[45] (./FunctionsOfBiopixR.aux)
 ***********
LaTeX2e <2024-06-01> patch level 2
L3 programming layer <2024-05-27>
 ***********
 ) 
Here is how much of TeX's memory you used:
 16054 strings out of 475544
 263754 string characters out of 5777282
 1947905 words of memory out of 5000000
 38128 multiletter control sequences out of 15000+600000
 613982 words of font info for 162 fonts, out of 8000000 for 9000
 14 hyphenation exceptions out of 8191
 89i,8n,93p,1142b,630s stack positions out of 10000i,1000n,20000p,200000b,200000s
</home/brauctim/.TinyTeX/texmf-dist/fonts/type1/public/lm/lmbx10.pfb></home/brauctim/.TinyTeX/texmf-dist/fonts/type1/public/lm/lmbx12.pfb></home/brauctim/.TinyTeX/texmf-dist/fonts/type1/public/lm/lmmi10.pfb></home/brauctim/.TinyTeX/texmf-dist/fonts/type1/public/lm/lmr10.pfb></home/brauctim/.TinyTeX/texmf-dist/fonts/type1/public/lm/lmr6.pfb></home/brauctim/.TinyTeX/texmf-dist/fonts/type1/public/lm/lmr7.pfb></home/brauctim/.TinyTeX/texmf-dist/fonts/type1/public/lm/lmr8.pfb></home/brauctim/.TinyTeX/texmf-dist/fonts/type1/public/lm/lmri10.pfb></home/brauctim/.TinyTeX/texmf-dist/fonts/type1/public/lm/lmtk10.pfb></home/brauctim/.TinyTeX/texmf-dist/fonts/type1/public/lm/lmtt10.pfb></home/brauctim/.TinyTeX/texmf-dist/fonts/type1/public/lm/lmtti10.pfb>
Output written on FunctionsOfBiopixR.pdf (45 pages, 4550515 bytes).
PDF statistics:
 525 PDF objects out of 1000 (max. 8388607)
 384 compressed objects within 4 object streams
 118 named destinations out of 1000 (max. 500000)
 28959 words of extra memory for PDF output out of 29859 (max. 10000000)

